<?xml version="1.0" encoding="UTF-8"?>
<testng-results skipped="0" failed="0" ignored="0" total="1" passed="1">
  <reporter-output>
  </reporter-output>
  <suite name="Default suite" duration-ms="89452" started-at="2021-07-09T05:51:16Z" finished-at="2021-07-09T05:52:46Z">
    <groups>
    </groups>
    <test name="Default test" duration-ms="89452" started-at="2021-07-09T05:51:16Z" finished-at="2021-07-09T05:52:46Z">
      <class name="DriverFactory.AppTest">
        <test-method status="PASS" signature="orangeStart()[pri:0, instance:DriverFactory.AppTest@467aecef]" name="orangeStart" duration-ms="89425" started-at="2021-07-09T05:51:16Z" finished-at="2021-07-09T05:52:46Z">
          <reporter-output>
          </reporter-output>
        </test-method> <!-- orangeStart -->
      </class> <!-- DriverFactory.AppTest -->
    </test> <!-- Default test -->
  </suite> <!-- Default suite -->
</testng-results>
